Build started 03/11/2019 02:48:19 م.
     1>Project "C:\Users\الحمد لله\Documents\Visual Studio 2010\Projects\DES_encryption\DES\DES.vcxproj" on node 2 (build target(s)).
     1>InitializeBuildStatus:
         Creating "Debug\DES.unsuccessfulbuild" because "AlwaysCreate" was specified.
       ClCompile:
         C:\Program Files (x86)\Microsoft Visual Studio 10.0\VC\bin\CL.exe /c /ZI /nologo /W3 /WX- /Od /Oy- /D _MBCS /Gm /EHsc /RTC1 /MDd /GS /fp:precise /Zc:wchar_t /Zc:forScope /Fo"Debug\\" /Fd"Debug\vc100.pdb" /Gd /TP /analyze- /errorReport:prompt des.cpp main.cpp
         main.cpp
         des.cpp
     1>c:\users\الحمد لله\documents\visual studio 2010\projects\des_encryption\des\des.cpp(22): warning C4018: '<' : signed/unsigned mismatch
     1>c:\users\الحمد لله\documents\visual studio 2010\projects\des_encryption\des\des.cpp(47): warning C4018: '<' : signed/unsigned mismatch
     1>c:\users\الحمد لله\documents\visual studio 2010\projects\des_encryption\des\des.cpp(73): warning C4018: '<' : signed/unsigned mismatch
         Generating Code...
       Link:
         C:\Program Files (x86)\Microsoft Visual Studio 10.0\VC\bin\link.exe /ERRORREPORT:PROMPT /OUT:"C:\Users\الحمد لله\Documents\Visual Studio 2010\Projects\DES_encryption\Debug\DES.exe" /NOLOGO kernel32.lib user32.lib gdi32.lib winspool.lib comdlg32.lib advapi32.lib shell32.lib ole32.lib oleaut32.lib uuid.lib odbc32.lib odbccp32.lib /MANIFEST /ManifestFile:"Debug\DES.exe.intermediate.manifest" /MANIFESTUAC:"level='asInvoker' uiAccess='false'" /DEBUG /PDB:"C:\Users\الحمد لله\Documents\Visual Studio 2010\Projects\DES_encryption\Debug\DES.pdb" /TLBID:1 /DYNAMICBASE /NXCOMPAT /IMPLIB:"C:\Users\الحمد لله\Documents\Visual Studio 2010\Projects\DES_encryption\Debug\DES.lib" /MACHINE:X86 Debug\des.obj
         Debug\main.obj
         LINK : C:\Users\الحمد لله\Documents\Visual Studio 2010\Projects\DES_encryption\Debug\DES.exe not found or not built by the last incremental link; performing full link
         DES.vcxproj -> C:\Users\الحمد لله\Documents\Visual Studio 2010\Projects\DES_encryption\Debug\DES.exe
       Manifest:
         C:\Program Files (x86)\Microsoft SDKs\Windows\v7.0A\bin\mt.exe /nologo /verbose /outputresource:"C:\Users\الحمد لله\Documents\Visual Studio 2010\Projects\DES_encryption\Debug\DES.exe;#1" /manifest Debug\DES.exe.intermediate.manifest
       FinalizeBuildStatus:
         Deleting file "Debug\DES.unsuccessfulbuild".
         Touching "Debug\DES.lastbuildstate".
     1>Done Building Project "C:\Users\الحمد لله\Documents\Visual Studio 2010\Projects\DES_encryption\DES\DES.vcxproj" (build target(s)).

Build succeeded.

Time Elapsed 00:00:02.22
